Using pre-set license
Built from '2021.1/staging' branch; Version is '2021.1.19f1 (5f5eb8bbdc25) revision 6250168'; Using compiler version '192528614'; Build Type 'Release'
OS: 'Windows 10 Home; OS build 19043.1237; Version 2009; 64bit' Language: 'en' Physical Memory: 16349 MB
BatchMode: 1, IsHumanControllingUs: 0, StartBugReporterOnCrash: 0, Is64bit: 1, IsPro: 0

COMMAND LINE ARGUMENTS:
E:\Program Files\2021.1.19f1\Editor\Unity.exe
-adb2
-batchMode
-noUpm
-name
AssetImportWorker0
-projectPath
E:/AIGameDesign/WaitList-Warriors/M.E.C.A
-logFile
Logs/AssetImportWorker0.log
-srvPort
51912
Successfully changed project path to: E:/AIGameDesign/WaitList-Warriors/M.E.C.A
E:/AIGameDesign/WaitList-Warriors/M.E.C.A
Using Asset Import Pipeline V2.
Refreshing native plugins compatible for Editor in 141.33 ms, found 4 plugins.
Preloading 0 native plugins for Editor in 0.00 ms.
Initialize engine version: 2021.1.19f1 (5f5eb8bbdc25)
[Subsystems] Discovering subsystems at path E:/Program Files/2021.1.19f1/Editor/Data/Resources/UnitySubsystems
[Subsystems] Discovering subsystems at path E:/AIGameDesign/WaitList-Warriors/M.E.C.A/Assets
GfxDevice: creating device client; threaded=0; jobified=0
Direct3D:
    Version:  Direct3D 11.0 [level 11.1]
    Renderer: AMD Radeon (TM) R9 390 Series (ID=0x67b1)
    Vendor:   ATI
    VRAM:     8168 MB
    Driver:   27.20.1034.6
Initialize mono
Mono path[0] = 'E:/Program Files/2021.1.19f1/Editor/Data/Managed'
Mono path[1] = 'E:/Program Files/2021.1.19f1/Editor/Data/MonoBleedingEdge/lib/mono/unityjit'
Mono config path = 'E:/Program Files/2021.1.19f1/Editor/Data/MonoBleedingEdge/etc'
Using monoOptions --debugger-agent=transport=dt_socket,embedding=1,server=y,suspend=n,address=127.0.0.1:56916
Begin MonoManager ReloadAssembly
Registering precompiled unity dll's ...
Register platform support module: E:/Program Files/2021.1.19f1/Editor/Data/PlaybackEngines/WindowsStandaloneSupport/UnityEditor.WindowsStandalone.Extensions.dll
Registered in 0.001466 seconds.
Native extension for WindowsStandalone target not found
Refreshing native plugins compatible for Editor in 142.35 ms, found 4 plugins.
Preloading 0 native plugins for Editor in 0.00 ms.
Mono: successfully reloaded assembly
- Completed reload, in  1.744 seconds
Domain Reload Profiling:
	ReloadAssembly (1744ms)
		BeginReloadAssembly (101ms)
			ExecutionOrderSort (0ms)
			DisableScriptedObjects (0ms)
			BackupInstance (0ms)
			ReleaseScriptingObjects (0ms)
			CreateAndSetChildDomain (1ms)
		EndReloadAssembly (614ms)
			LoadAssemblies (100ms)
			RebuildTransferFunctionScriptingTraits (0ms)
			SetupTypeCache (211ms)
			ReleaseScriptCaches (0ms)
			RebuildScriptCaches (35ms)
			SetupLoadedEditorAssemblies (315ms)
				LogAssemblyErrors (0ms)
				InitializePlatformSupportModulesInManaged (8ms)
				SetLoadedEditorAssemblies (0ms)
				RefreshPlugins (142ms)
				BeforeProcessingInitializeOnLoad (1ms)
				ProcessInitializeOnLoadAttributes (125ms)
				ProcessInitializeOnLoadMethodAttributes (38ms)
				AfterProcessingInitializeOnLoad (0ms)
				EditorAssembliesLoaded (0ms)
			ExecutionOrderSort2 (0ms)
			AwakeInstancesAfterBackupRestoration (0ms)
Platform modules already initialized, skipping
Registering precompiled user dll's ...
Registered in 0.007024 seconds.
Begin MonoManager ReloadAssembly
Symbol file LoadedFromMemory doesn't match image E:\AIGameDesign\WaitList-Warriors\M.E.C.A\Library\PackageCache\com.unity.visualscripting@1.6.1\Editor\VisualScripting.Core\Dependencies\YamlDotNet\Unity.VisualScripting.YamlDotNet.dll
Symbol file LoadedFromMemory doesn't match image E:\AIGameDesign\WaitList-Warriors\M.E.C.A\Library\PackageCache\com.unity.visualscripting@1.6.1\Editor\VisualScripting.Core\Dependencies\DotNetZip\Unity.VisualScripting.IonicZip.dll
Native extension for WindowsStandalone target not found
Refreshing native plugins compatible for Editor in 135.87 ms, found 4 plugins.
Preloading 0 native plugins for Editor in 0.00 ms.
Mono: successfully reloaded assembly
- Completed reload, in  1.638 seconds
Domain Reload Profiling:
	ReloadAssembly (1638ms)
		BeginReloadAssembly (215ms)
			ExecutionOrderSort (0ms)
			DisableScriptedObjects (5ms)
			BackupInstance (0ms)
			ReleaseScriptingObjects (0ms)
			CreateAndSetChildDomain (23ms)
		EndReloadAssembly (1357ms)
			LoadAssemblies (169ms)
			RebuildTransferFunctionScriptingTraits (0ms)
			SetupTypeCache (466ms)
			ReleaseScriptCaches (1ms)
			RebuildScriptCaches (67ms)
			SetupLoadedEditorAssemblies (557ms)
				LogAssemblyErrors (0ms)
				InitializePlatformSupportModulesInManaged (5ms)
				SetLoadedEditorAssemblies (0ms)
				RefreshPlugins (136ms)
				BeforeProcessingInitializeOnLoad (101ms)
				ProcessInitializeOnLoadAttributes (289ms)
				ProcessInitializeOnLoadMethodAttributes (23ms)
				AfterProcessingInitializeOnLoad (3ms)
				EditorAssembliesLoaded (0ms)
			ExecutionOrderSort2 (0ms)
			AwakeInstancesAfterBackupRestoration (8ms)
Platform modules already initialized, skipping
========================================================================
Worker process is ready to serve import requests
Launched and connected shader compiler UnityShaderCompiler.exe after 0.16 seconds
Refreshing native plugins compatible for Editor in 0.97 ms, found 4 plugins.
Preloading 0 native plugins for Editor in 0.00 ms.
Unloading 3718 Unused Serialized files (Serialized files now loaded: 0)
System memory in use before: 138.2 MB.
System memory in use after: 138.4 MB.

Unloading 30 unused Assets to reduce memory usage. Loaded Objects now: 4170.
Total: 4.884900 ms (FindLiveObjects: 0.321900 ms CreateObjectMapping: 0.229100 ms MarkObjects: 4.242800 ms  DeleteObjects: 0.089500 ms)

AssetImportParameters requested are different than current active one (requested -> active):
  custom:framework-win-MediaFoundation: 216162199b28c13a410421893ffa2e32 -> 
  custom:video-decoder-ogg-theora: a1e56fd34408186e4bbccfd4996cb3dc -> 
  custom:container-muxer-webm: aa71ff27fc2769a1b78a27578f13a17b -> 
  custom:container-demuxer-webm: 4f35f7cbe854078d1ac9338744f61a02 -> 
  custom:container-demuxer-ogg: 62fdf1f143b41e24485cea50d1cbac27 -> 
  custom:video-encoder-webm-vp8: eb34c28f22e8b96e1ab97ce403110664 -> 
  custom:video-decoder-webm-vp8: 9c59270c3fd7afecdb556c50c9e8de78 -> 
  custom:audio-decoder-ogg-vorbis: bf7c407c2cedff20999df2af8eb42d56 -> 
  custom:audio-encoder-webm-vorbis: bf7c407c2cedff20999df2af8eb42d56 -> 
========================================================================
Received Import Request.
  path: Assets/Prefabs
  artifactKey: Guid(1682210afcf867247bc453255ecc463b) Importer(815301076,1909f56bfc062723c751e8b465ee728b)
Start importing Assets/Prefabs using Guid(1682210afcf867247bc453255ecc463b) Importer(815301076,1909f56bfc062723c751e8b465ee728b)  -> (artifact id: '55517f17d303bb99964fe896c3608218') in 0.031231 seconds 
========================================================================
Received Import Request.
  Time since last request: 176.268752 seconds.
  path: Assets/Sprites/Characters/Main_Character/Hero_Knight
  artifactKey: Guid(6a12eb828ac59bf458a7ba290405817f) Importer(815301076,1909f56bfc062723c751e8b465ee728b)
Start importing Assets/Sprites/Characters/Main_Character/Hero_Knight using Guid(6a12eb828ac59bf458a7ba290405817f) Importer(815301076,1909f56bfc062723c751e8b465ee728b)  -> (artifact id: 'df97e264221fcd3891a13e350b13c7b2') in 0.009764 seconds 
========================================================================
Received Import Request.
  Time since last request: 17.651813 seconds.
  path: Assets/Sprites/Characters/Prototype Hero Demo - Pixel Art/Sprites
  artifactKey: Guid(fe0dd8d84ad077a439f068110a4c1145) Importer(815301076,1909f56bfc062723c751e8b465ee728b)
Start importing Assets/Sprites/Characters/Prototype Hero Demo - Pixel Art/Sprites using Guid(fe0dd8d84ad077a439f068110a4c1145) Importer(815301076,1909f56bfc062723c751e8b465ee728b)  -> (artifact id: 'eda79c49b7edc81ea0bd27e4e7e594d3') in 0.017369 seconds 
========================================================================
Received Import Request.
  Time since last request: 0.074398 seconds.
  path: Assets/Sprites/Characters/Prototype Hero Demo - Pixel Art/Sprites/Background.png
  artifactKey: Guid(d9c5f41937dce6a4aaea431fd404415b) Importer(815301076,1909f56bfc062723c751e8b465ee728b)
Start importing Assets/Sprites/Characters/Prototype Hero Demo - Pixel Art/Sprites/Background.png using Guid(d9c5f41937dce6a4aaea431fd404415b) Importer(815301076,1909f56bfc062723c751e8b465ee728b)  -> (artifact id: '9380c703fe2ae0a7b1665e8bb11ec806') in 0.511820 seconds 
========================================================================
Received Import Request.
  Time since last request: 0.001828 seconds.
  path: Assets/Sprites/Characters/Prototype Hero Demo - Pixel Art/Sprites/EnvironmentTiles.png
  artifactKey: Guid(7706d4b3f7d8d2e42b82d09010a105ec) Importer(815301076,1909f56bfc062723c751e8b465ee728b)
Start importing Assets/Sprites/Characters/Prototype Hero Demo - Pixel Art/Sprites/EnvironmentTiles.png using Guid(7706d4b3f7d8d2e42b82d09010a105ec) Importer(815301076,1909f56bfc062723c751e8b465ee728b)  -> (artifact id: '34f1cf2cb9bc75bf66489f83cad50e19') in 0.055997 seconds 
========================================================================
Received Import Request.
  Time since last request: 0.000189 seconds.
  path: Assets/Sprites/Characters/Prototype Hero Demo - Pixel Art/Sprites/PrototypeHero_noSword.png
  artifactKey: Guid(0409f2fddf07780408257c186ab69681) Importer(815301076,1909f56bfc062723c751e8b465ee728b)
Start importing Assets/Sprites/Characters/Prototype Hero Demo - Pixel Art/Sprites/PrototypeHero_noSword.png using Guid(0409f2fddf07780408257c186ab69681) Importer(815301076,1909f56bfc062723c751e8b465ee728b)  -> (artifact id: 'dacd0597be0996adbd405c25e2d8784e') in 0.117817 seconds 
========================================================================
Received Import Request.
  Time since last request: 0.000278 seconds.
  path: Assets/Sprites/Characters/Prototype Hero Demo - Pixel Art/Sprites/PrototypeHero.png
  artifactKey: Guid(300ea1a5869382b43bf6149aba92c4db) Importer(815301076,1909f56bfc062723c751e8b465ee728b)
Start importing Assets/Sprites/Characters/Prototype Hero Demo - Pixel Art/Sprites/PrototypeHero.png using Guid(300ea1a5869382b43bf6149aba92c4db) Importer(815301076,1909f56bfc062723c751e8b465ee728b)  -> (artifact id: '03241c8b4969395d44c6f3d093fe1be5') in 0.096140 seconds 
========================================================================
Received Import Request.
  Time since last request: 0.000190 seconds.
  path: Assets/Sprites/Characters/Prototype Hero Demo - Pixel Art/Sprites/Dust.png
  artifactKey: Guid(197dc101be73bc64ebf9c4837ee28a15) Importer(815301076,1909f56bfc062723c751e8b465ee728b)
Start importing Assets/Sprites/Characters/Prototype Hero Demo - Pixel Art/Sprites/Dust.png using Guid(197dc101be73bc64ebf9c4837ee28a15) Importer(815301076,1909f56bfc062723c751e8b465ee728b)  -> (artifact id: '3aaea700d97f4431dc49cd4beb43fd25') in 0.077191 seconds 
========================================================================
Received Import Request.
  Time since last request: 0.367086 seconds.
  path: Assets/Sprites/Characters/Prototype Hero Demo - Pixel Art/Environment/EnvironmentPalette_Prototype.prefab
  artifactKey: Guid(ef06610bdafab1143b3e18004e4719b3) Importer(815301076,1909f56bfc062723c751e8b465ee728b)
Start importing Assets/Sprites/Characters/Prototype Hero Demo - Pixel Art/Environment/EnvironmentPalette_Prototype.prefab using Guid(ef06610bdafab1143b3e18004e4719b3) Importer(815301076,1909f56bfc062723c751e8b465ee728b)  -> (artifact id: 'b8750a03244898510044f0493b102844') in 0.434146 seconds 
========================================================================
Received Import Request.
  Time since last request: 0.000389 seconds.
  path: Assets/Sprites/Characters/Prototype Hero Demo - Pixel Art/Environment/EnvironmentTiles_1.asset
  artifactKey: Guid(2df9905a1cc5ae64fb4dedb716f51bb7) Importer(815301076,1909f56bfc062723c751e8b465ee728b)
Start importing Assets/Sprites/Characters/Prototype Hero Demo - Pixel Art/Environment/EnvironmentTiles_1.asset using Guid(2df9905a1cc5ae64fb4dedb716f51bb7) Importer(815301076,1909f56bfc062723c751e8b465ee728b)  -> (artifact id: 'c5653f60ea920cc960028c43ebe05089') in 0.024500 seconds 
========================================================================
Received Import Request.
  Time since last request: 0.000282 seconds.
  path: Assets/Sprites/Characters/Prototype Hero Demo - Pixel Art/Environment/EnvironmentTiles_2.asset
  artifactKey: Guid(8be7de5514576614f9116d9da2150b3e) Importer(815301076,1909f56bfc062723c751e8b465ee728b)
Start importing Assets/Sprites/Characters/Prototype Hero Demo - Pixel Art/Environment/EnvironmentTiles_2.asset using Guid(8be7de5514576614f9116d9da2150b3e) Importer(815301076,1909f56bfc062723c751e8b465ee728b)  -> (artifact id: 'd1ff9b9bbfe8518f165cc28479402ee2') in 0.019830 seconds 
========================================================================
Received Import Request.
  Time since last request: 0.000182 seconds.
  path: Assets/Sprites/Characters/Prototype Hero Demo - Pixel Art/Environment/EnvironmentTiles_3.asset
  artifactKey: Guid(9af352b19c729fc478ec1f18e714585a) Importer(815301076,1909f56bfc062723c751e8b465ee728b)
Start importing Assets/Sprites/Characters/Prototype Hero Demo - Pixel Art/Environment/EnvironmentTiles_3.asset using Guid(9af352b19c729fc478ec1f18e714585a) Importer(815301076,1909f56bfc062723c751e8b465ee728b)  -> (artifact id: '3657650d4f76ba9fa56e9e1b07a286aa') in 0.016320 seconds 
========================================================================
Received Import Request.
  Time since last request: 0.000166 seconds.
  path: Assets/Sprites/Characters/Prototype Hero Demo - Pixel Art/Environment/EnvironmentTiles_0.asset
  artifactKey: Guid(b966ba8d7d465b6458e43bb42b6e0eb7) Importer(815301076,1909f56bfc062723c751e8b465ee728b)
Start importing Assets/Sprites/Characters/Prototype Hero Demo - Pixel Art/Environment/EnvironmentTiles_0.asset using Guid(b966ba8d7d465b6458e43bb42b6e0eb7) Importer(815301076,1909f56bfc062723c751e8b465ee728b)  -> (artifact id: '6fa1fbd45532a4b059941173b02dec48') in 0.017559 seconds 
========================================================================
Received Import Request.
  Time since last request: 11.421480 seconds.
  path: Assets/Sprites/Characters/Main_Character/Hero_Knight/Animations
  artifactKey: Guid(651093fd2c75ea94ba22f69897c9add3) Importer(815301076,1909f56bfc062723c751e8b465ee728b)
Start importing Assets/Sprites/Characters/Main_Character/Hero_Knight/Animations using Guid(651093fd2c75ea94ba22f69897c9add3) Importer(815301076,1909f56bfc062723c751e8b465ee728b)  -> (artifact id: 'f7c37ec47c79fca13f3a37367924fe21') in 0.022697 seconds 
========================================================================
Received Import Request.
  Time since last request: 3.964404 seconds.
  path: Assets/Sprites/Characters/Main_Character/Hero_Knight/Sprites
  artifactKey: Guid(66053401e5d0b674484f06b2b339123b) Importer(815301076,1909f56bfc062723c751e8b465ee728b)
Start importing Assets/Sprites/Characters/Main_Character/Hero_Knight/Sprites using Guid(66053401e5d0b674484f06b2b339123b) Importer(815301076,1909f56bfc062723c751e8b465ee728b)  -> (artifact id: 'f0b44870275b8416e6c6e3579ef9a314') in 0.002696 seconds 
========================================================================
Received Import Request.
  Time since last request: 0.088562 seconds.
  path: Assets/Sprites/Characters/Main_Character/Hero_Knight/Sprites/Attack1.png
  artifactKey: Guid(4e0fc7cde14ecc846b417aceac4ebf3c) Importer(815301076,1909f56bfc062723c751e8b465ee728b)
Start importing Assets/Sprites/Characters/Main_Character/Hero_Knight/Sprites/Attack1.png using Guid(4e0fc7cde14ecc846b417aceac4ebf3c) Importer(815301076,1909f56bfc062723c751e8b465ee728b)  -> (artifact id: '97648e3f6b6fcf96e373c92598c05663') in 0.063773 seconds 
========================================================================
Received Import Request.
  Time since last request: 0.000221 seconds.
  path: Assets/Sprites/Characters/Main_Character/Hero_Knight/Sprites/Run.png
  artifactKey: Guid(bca3acae67f183349a5e5b0058c66841) Importer(815301076,1909f56bfc062723c751e8b465ee728b)
Start importing Assets/Sprites/Characters/Main_Character/Hero_Knight/Sprites/Run.png using Guid(bca3acae67f183349a5e5b0058c66841) Importer(815301076,1909f56bfc062723c751e8b465ee728b)  -> (artifact id: 'b403f24eb6d1252d49c43bdfef7751a9') in 0.082741 seconds 
========================================================================
Received Import Request.
  Time since last request: 0.000175 seconds.
  path: Assets/Sprites/Characters/Main_Character/Hero_Knight/Sprites/Fall.png
  artifactKey: Guid(daf241564a8049b4cac17e76b9bbfedb) Importer(815301076,1909f56bfc062723c751e8b465ee728b)
Start importing Assets/Sprites/Characters/Main_Character/Hero_Knight/Sprites/Fall.png using Guid(daf241564a8049b4cac17e76b9bbfedb) Importer(815301076,1909f56bfc062723c751e8b465ee728b)  -> (artifact id: 'ea05ccee00f20497e8aedc91bde0e713') in 0.045189 seconds 
========================================================================
Received Import Request.
  Time since last request: 0.000174 seconds.
  path: Assets/Sprites/Characters/Main_Character/Hero_Knight/Sprites/Jump.png
  artifactKey: Guid(724e79479548b1b4eba4ee49aeeee4aa) Importer(815301076,1909f56bfc062723c751e8b465ee728b)
Start importing Assets/Sprites/Characters/Main_Character/Hero_Knight/Sprites/Jump.png using Guid(724e79479548b1b4eba4ee49aeeee4aa) Importer(815301076,1909f56bfc062723c751e8b465ee728b)  -> (artifact id: 'e26e57002223f12edd3b034660c9a21a') in 0.055242 seconds 
========================================================================
Received Import Request.
  Time since last request: 0.000166 seconds.
  path: Assets/Sprites/Characters/Main_Character/Hero_Knight/Sprites/Attack2.png
  artifactKey: Guid(e81c2969ffed45c4ab942b7652711c23) Importer(815301076,1909f56bfc062723c751e8b465ee728b)
Start importing Assets/Sprites/Characters/Main_Character/Hero_Knight/Sprites/Attack2.png using Guid(e81c2969ffed45c4ab942b7652711c23) Importer(815301076,1909f56bfc062723c751e8b465ee728b)  -> (artifact id: 'fc3bfc693d540a215a478fc3289a1eb4') in 0.075927 seconds 
========================================================================
Received Import Request.
  Time since last request: 0.000180 seconds.
  path: Assets/Sprites/Characters/Main_Character/Hero_Knight/Sprites/Death.png
  artifactKey: Guid(404bddf3c8036f348ae63ff23e9ef114) Importer(815301076,1909f56bfc062723c751e8b465ee728b)
Start importing Assets/Sprites/Characters/Main_Character/Hero_Knight/Sprites/Death.png using Guid(404bddf3c8036f348ae63ff23e9ef114) Importer(815301076,1909f56bfc062723c751e8b465ee728b)  -> (artifact id: '747ddcfdb5b4a0b382434f391c323da1') in 0.091642 seconds 
========================================================================
Received Import Request.
  Time since last request: 0.000192 seconds.
  path: Assets/Sprites/Characters/Main_Character/Hero_Knight/Sprites/Take Hit.png
  artifactKey: Guid(3f68469588d4a4246a11b7a3e2f0e552) Importer(815301076,1909f56bfc062723c751e8b465ee728b)
Start importing Assets/Sprites/Characters/Main_Character/Hero_Knight/Sprites/Take Hit.png using Guid(3f68469588d4a4246a11b7a3e2f0e552) Importer(815301076,1909f56bfc062723c751e8b465ee728b)  -> (artifact id: '9dc2b33e71b092aa855e81ec128e681a') in 0.051521 seconds 
========================================================================
Received Import Request.
  Time since last request: 0.000225 seconds.
  path: Assets/Sprites/Characters/Main_Character/Hero_Knight/Sprites/Idle.png
  artifactKey: Guid(fc46633b0eb321e46838bcb9ff2d4150) Importer(815301076,1909f56bfc062723c751e8b465ee728b)
Start importing Assets/Sprites/Characters/Main_Character/Hero_Knight/Sprites/Idle.png using Guid(fc46633b0eb321e46838bcb9ff2d4150) Importer(815301076,1909f56bfc062723c751e8b465ee728b)  -> (artifact id: 'fd27f716bcff48e90e1ab035da575426') in 0.079589 seconds 
========================================================================
Received Import Request.
  Time since last request: 243.485578 seconds.
  path: Assets/Sprites/Characters/Main_Character/Hero Knight - Pixel Art/Animations/HeroKnight_Attack1.anim
  artifactKey: Guid(0bafac48b1090284da2048c29bc986ff) Importer(815301076,1909f56bfc062723c751e8b465ee728b)
Start importing Assets/Sprites/Characters/Main_Character/Hero Knight - Pixel Art/Animations/HeroKnight_Attack1.anim using Guid(0bafac48b1090284da2048c29bc986ff) Importer(815301076,1909f56bfc062723c751e8b465ee728b)  -> (artifact id: '6d7554afe06a517b4306bdfe0f590148') in 0.009775 seconds 
========================================================================
Received Import Request.
  Time since last request: 0.122988 seconds.
  path: Assets/Sprites/Characters/Main_Character/Hero Knight - Pixel Art/Animations/HeroKnight_Attack2.anim
  artifactKey: Guid(3688e492878501d4882fffca4cb3bbff) Importer(815301076,1909f56bfc062723c751e8b465ee728b)
Start importing Assets/Sprites/Characters/Main_Character/Hero Knight - Pixel Art/Animations/HeroKnight_Attack2.anim using Guid(3688e492878501d4882fffca4cb3bbff) Importer(815301076,1909f56bfc062723c751e8b465ee728b)  -> (artifact id: '8d557991f54582f431c520ae8cac9b59') in 0.006517 seconds 
========================================================================
Received Import Request.
  Time since last request: 1.445599 seconds.
  path: Assets/Sprites/Characters/Main_Character/Hero Knight - Pixel Art/Animations/HeroKnight_AnimController.controller
  artifactKey: Guid(3c2a5b7097b0fe44394328c0bdb9252e) Importer(815301076,1909f56bfc062723c751e8b465ee728b)
Start importing Assets/Sprites/Characters/Main_Character/Hero Knight - Pixel Art/Animations/HeroKnight_AnimController.controller using Guid(3c2a5b7097b0fe44394328c0bdb9252e) Importer(815301076,1909f56bfc062723c751e8b465ee728b)  -> (artifact id: '862d032f4dba46709ff8ff82b8431644') in 0.017384 seconds 
========================================================================
Received Import Request.
  Time since last request: 0.544343 seconds.
  path: Assets/Sprites/Characters/Main_Character/Hero Knight - Pixel Art/Animations/BlockFlash_AnimController.controller
  artifactKey: Guid(10404af511fc2ec42a4f9a8af2e53bb7) Importer(815301076,1909f56bfc062723c751e8b465ee728b)
Start importing Assets/Sprites/Characters/Main_Character/Hero Knight - Pixel Art/Animations/BlockFlash_AnimController.controller using Guid(10404af511fc2ec42a4f9a8af2e53bb7) Importer(815301076,1909f56bfc062723c751e8b465ee728b)  -> (artifact id: '5f3ad363486257aa6c4b5df7eaf376fe') in 0.025875 seconds 
========================================================================
Received Import Request.
  Time since last request: 0.626737 seconds.
  path: Assets/Sprites/Characters/Main_Character/Hero Knight - Pixel Art/Animations/BlockFlash.anim
  artifactKey: Guid(f9a95a6e6af4f954fad139486ce1e0ef) Importer(815301076,1909f56bfc062723c751e8b465ee728b)
Start importing Assets/Sprites/Characters/Main_Character/Hero Knight - Pixel Art/Animations/BlockFlash.anim using Guid(f9a95a6e6af4f954fad139486ce1e0ef) Importer(815301076,1909f56bfc062723c751e8b465ee728b)  -> (artifact id: 'a667d4addbe3a83c139b3ecdc35f36dd') in 0.010814 seconds 
========================================================================
Received Import Request.
  Time since last request: 1.539197 seconds.
  path: Assets/Sprites/Characters/Main_Character/Hero Knight - Pixel Art/Animations/HeroKnight_Attack3.anim
  artifactKey: Guid(c42aa71ad221ea349a7ee113bb662657) Importer(815301076,1909f56bfc062723c751e8b465ee728b)
Start importing Assets/Sprites/Characters/Main_Character/Hero Knight - Pixel Art/Animations/HeroKnight_Attack3.anim using Guid(c42aa71ad221ea349a7ee113bb662657) Importer(815301076,1909f56bfc062723c751e8b465ee728b)  -> (artifact id: '4c43dc0fcc89c2425fce0a1670bf1b28') in 0.007679 seconds 
========================================================================
Received Import Request.
  Time since last request: 0.806201 seconds.
  path: Assets/Sprites/Characters/Main_Character/Hero Knight - Pixel Art/Animations/HeroKnight_Block.anim
  artifactKey: Guid(8343e24825085354186de10f6f858f08) Importer(815301076,1909f56bfc062723c751e8b465ee728b)
Start importing Assets/Sprites/Characters/Main_Character/Hero Knight - Pixel Art/Animations/HeroKnight_Block.anim using Guid(8343e24825085354186de10f6f858f08) Importer(815301076,1909f56bfc062723c751e8b465ee728b)  -> (artifact id: 'feca5cab47d7ef811801afd1631aeb10') in 0.014505 seconds 
========================================================================
Received Import Request.
  Time since last request: 0.554880 seconds.
  path: Assets/Sprites/Characters/Main_Character/Hero Knight - Pixel Art/Animations/HeroKnight_BlockIdle.anim
  artifactKey: Guid(5b40edfa3ab173045936606cf6d81c11) Importer(815301076,1909f56bfc062723c751e8b465ee728b)
Start importing Assets/Sprites/Characters/Main_Character/Hero Knight - Pixel Art/Animations/HeroKnight_BlockIdle.anim using Guid(5b40edfa3ab173045936606cf6d81c11) Importer(815301076,1909f56bfc062723c751e8b465ee728b)  -> (artifact id: 'bea88d3d2bf1c888dac36d56b69ebb29') in 0.008160 seconds 
========================================================================
Received Import Request.
  Time since last request: 0.608912 seconds.
  path: Assets/Sprites/Characters/Main_Character/Hero Knight - Pixel Art/Animations/HeroKnight_BlockNoEffect.anim
  artifactKey: Guid(e1766179ce796d846a3e4dc2f577e234) Importer(815301076,1909f56bfc062723c751e8b465ee728b)
Start importing Assets/Sprites/Characters/Main_Character/Hero Knight - Pixel Art/Animations/HeroKnight_BlockNoEffect.anim using Guid(e1766179ce796d846a3e4dc2f577e234) Importer(815301076,1909f56bfc062723c751e8b465ee728b)  -> (artifact id: 'e8c51fe984d76eaa81c4ad2c3f3caabe') in 0.008634 seconds 
========================================================================
Received Import Request.
  Time since last request: 1.538563 seconds.
  path: Assets/Sprites/Characters/Main_Character/Hero Knight - Pixel Art/Animations/HeroKnight_Death.anim
  artifactKey: Guid(d2566ec8b252342449771d8abf45a00a) Importer(815301076,1909f56bfc062723c751e8b465ee728b)
Start importing Assets/Sprites/Characters/Main_Character/Hero Knight - Pixel Art/Animations/HeroKnight_Death.anim using Guid(d2566ec8b252342449771d8abf45a00a) Importer(815301076,1909f56bfc062723c751e8b465ee728b)  -> (artifact id: '43e5f2516b80dbfae70281ebb364e89c') in 0.011373 seconds 
========================================================================
Received Import Request.
  Time since last request: 0.758663 seconds.
  path: Assets/Sprites/Characters/Main_Character/Hero Knight - Pixel Art/Animations/HeroKnight_DeathNoBlood.anim
  artifactKey: Guid(28a7dd162c70bb044953a047ddabf012) Importer(815301076,1909f56bfc062723c751e8b465ee728b)
Start importing Assets/Sprites/Characters/Main_Character/Hero Knight - Pixel Art/Animations/HeroKnight_DeathNoBlood.anim using Guid(28a7dd162c70bb044953a047ddabf012) Importer(815301076,1909f56bfc062723c751e8b465ee728b)  -> (artifact id: '30ce089ccd8a024ffae95d7d3a219916') in 0.020115 seconds 
========================================================================
Received Import Request.
  Time since last request: 0.532994 seconds.
  path: Assets/Sprites/Characters/Main_Character/Hero Knight - Pixel Art/Animations/HeroKnight_Fall.anim
  artifactKey: Guid(dd8f4cf2e37ede148ba7ae01f7b60168) Importer(815301076,1909f56bfc062723c751e8b465ee728b)
Start importing Assets/Sprites/Characters/Main_Character/Hero Knight - Pixel Art/Animations/HeroKnight_Fall.anim using Guid(dd8f4cf2e37ede148ba7ae01f7b60168) Importer(815301076,1909f56bfc062723c751e8b465ee728b)  -> (artifact id: '7503f01b8b891468f6aeec846e1d74dd') in 0.013138 seconds 
========================================================================
Received Import Request.
  Time since last request: 0.770894 seconds.
  path: Assets/Sprites/Characters/Main_Character/Hero Knight - Pixel Art/Animations/HeroKnight_Hurt.anim
  artifactKey: Guid(58a4d227816c28f4a8c59266bf74969b) Importer(815301076,1909f56bfc062723c751e8b465ee728b)
Start importing Assets/Sprites/Characters/Main_Character/Hero Knight - Pixel Art/Animations/HeroKnight_Hurt.anim using Guid(58a4d227816c28f4a8c59266bf74969b) Importer(815301076,1909f56bfc062723c751e8b465ee728b)  -> (artifact id: '86e1eaa589b216005564660210e7a6c3') in 0.012186 seconds 
========================================================================
Received Import Request.
  Time since last request: 0.625166 seconds.
  path: Assets/Sprites/Characters/Main_Character/Hero Knight - Pixel Art/Animations/HeroKnight_Idle.anim
  artifactKey: Guid(bc491eda18313944992f294a35d8f6d2) Importer(815301076,1909f56bfc062723c751e8b465ee728b)
Start importing Assets/Sprites/Characters/Main_Character/Hero Knight - Pixel Art/Animations/HeroKnight_Idle.anim using Guid(bc491eda18313944992f294a35d8f6d2) Importer(815301076,1909f56bfc062723c751e8b465ee728b)  -> (artifact id: '6574962f1c393c9693b1ec0026c69918') in 0.014545 seconds 
========================================================================
Received Prepare
Registering precompiled user dll's ...
Registered in 0.006109 seconds.
Begin MonoManager ReloadAssembly
Symbol file LoadedFromMemory doesn't match image E:\AIGameDesign\WaitList-Warriors\M.E.C.A\Library\PackageCache\com.unity.visualscripting@1.6.1\Editor\VisualScripting.Core\Dependencies\YamlDotNet\Unity.VisualScripting.YamlDotNet.dll
Symbol file LoadedFromMemory doesn't match image E:\AIGameDesign\WaitList-Warriors\M.E.C.A\Library\PackageCache\com.unity.visualscripting@1.6.1\Editor\VisualScripting.Core\Dependencies\DotNetZip\Unity.VisualScripting.IonicZip.dll
Native extension for WindowsStandalone target not found
Refreshing native plugins compatible for Editor in 0.79 ms, found 4 plugins.
Preloading 0 native plugins for Editor in 0.00 ms.
Mono: successfully reloaded assembly
- Completed reload, in  3.559 seconds
Domain Reload Profiling:
	ReloadAssembly (3560ms)
		BeginReloadAssembly (496ms)
			ExecutionOrderSort (0ms)
			DisableScriptedObjects (23ms)
			BackupInstance (0ms)
			ReleaseScriptingObjects (0ms)
			CreateAndSetChildDomain (131ms)
		EndReloadAssembly (2856ms)
			LoadAssemblies (573ms)
			RebuildTransferFunctionScriptingTraits (1ms)
			SetupTypeCache (1371ms)
			ReleaseScriptCaches (2ms)
			RebuildScriptCaches (288ms)
			SetupLoadedEditorAssemblies (445ms)
				LogAssemblyErrors (0ms)
				InitializePlatformSupportModulesInManaged (7ms)
				SetLoadedEditorAssemblies (1ms)
				RefreshPlugins (1ms)
				BeforeProcessingInitializeOnLoad (87ms)
				ProcessInitializeOnLoadAttributes (314ms)
				ProcessInitializeOnLoadMethodAttributes (31ms)
				AfterProcessingInitializeOnLoad (4ms)
				EditorAssembliesLoaded (0ms)
			ExecutionOrderSort2 (0ms)
			AwakeInstancesAfterBackupRestoration (24ms)
Platform modules already initialized, skipping
Refreshing native plugins compatible for Editor in 0.98 ms, found 4 plugins.
Preloading 0 native plugins for Editor in 0.00 ms.
Unloading 3720 Unused Serialized files (Serialized files now loaded: 0)
System memory in use before: 158.1 MB.
System memory in use after: 158.3 MB.

Unloading 18 unused Assets to reduce memory usage. Loaded Objects now: 4392.
Total: 7.546400 ms (FindLiveObjects: 0.343600 ms CreateObjectMapping: 0.745800 ms MarkObjects: 6.429200 ms  DeleteObjects: 0.026100 ms)

AssetImportParameters requested are different than current active one (requested -> active):
  custom:framework-win-MediaFoundation: 216162199b28c13a410421893ffa2e32 -> 
  custom:video-decoder-ogg-theora: a1e56fd34408186e4bbccfd4996cb3dc -> 
  custom:container-muxer-webm: aa71ff27fc2769a1b78a27578f13a17b -> 
  custom:container-demuxer-webm: 4f35f7cbe854078d1ac9338744f61a02 -> 
  custom:container-demuxer-ogg: 62fdf1f143b41e24485cea50d1cbac27 -> 
  custom:video-encoder-webm-vp8: eb34c28f22e8b96e1ab97ce403110664 -> 
  custom:video-decoder-webm-vp8: 9c59270c3fd7afecdb556c50c9e8de78 -> 
  custom:audio-decoder-ogg-vorbis: bf7c407c2cedff20999df2af8eb42d56 -> 
  custom:audio-encoder-webm-vorbis: bf7c407c2cedff20999df2af8eb42d56 -> 
========================================================================
Received Import Request.
  Time since last request: 154.342474 seconds.
  path: Assets/Sprites/Characters/Main_Character/Hero Knight - Pixel Art/Animations/SlideDust.anim
  artifactKey: Guid(bd6fb9b284d6e4740bd5aff8b767fd25) Importer(815301076,1909f56bfc062723c751e8b465ee728b)
Start importing Assets/Sprites/Characters/Main_Character/Hero Knight - Pixel Art/Animations/SlideDust.anim using Guid(bd6fb9b284d6e4740bd5aff8b767fd25) Importer(815301076,1909f56bfc062723c751e8b465ee728b)  -> (artifact id: '9ee5470d4ef35d34cd4973d4e8bffbc3') in 0.040039 seconds 
========================================================================
Received Prepare
Registering precompiled user dll's ...
Registered in 0.006273 seconds.
Begin MonoManager ReloadAssembly
Symbol file LoadedFromMemory doesn't match image E:\AIGameDesign\WaitList-Warriors\M.E.C.A\Library\PackageCache\com.unity.visualscripting@1.6.1\Editor\VisualScripting.Core\Dependencies\YamlDotNet\Unity.VisualScripting.YamlDotNet.dll
Symbol file LoadedFromMemory doesn't match image E:\AIGameDesign\WaitList-Warriors\M.E.C.A\Library\PackageCache\com.unity.visualscripting@1.6.1\Editor\VisualScripting.Core\Dependencies\DotNetZip\Unity.VisualScripting.IonicZip.dll
Native extension for WindowsStandalone target not found
Refreshing native plugins compatible for Editor in 0.97 ms, found 4 plugins.
Preloading 0 native plugins for Editor in 0.00 ms.
Mono: successfully reloaded assembly
- Completed reload, in  1.885 seconds
Domain Reload Profiling:
	ReloadAssembly (1886ms)
		BeginReloadAssembly (221ms)
			ExecutionOrderSort (0ms)
			DisableScriptedObjects (13ms)
			BackupInstance (0ms)
			ReleaseScriptingObjects (0ms)
			CreateAndSetChildDomain (56ms)
		EndReloadAssembly (1535ms)
			LoadAssemblies (284ms)
			RebuildTransferFunctionScriptingTraits (0ms)
			SetupTypeCache (597ms)
			ReleaseScriptCaches (1ms)
			RebuildScriptCaches (63ms)
			SetupLoadedEditorAssemblies (502ms)
				LogAssemblyErrors (0ms)
				InitializePlatformSupportModulesInManaged (6ms)
				SetLoadedEditorAssemblies (1ms)
				RefreshPlugins (1ms)
				BeforeProcessingInitializeOnLoad (112ms)
				ProcessInitializeOnLoadAttributes (364ms)
				ProcessInitializeOnLoadMethodAttributes (13ms)
				AfterProcessingInitializeOnLoad (5ms)
				EditorAssembliesLoaded (0ms)
			ExecutionOrderSort2 (0ms)
			AwakeInstancesAfterBackupRestoration (21ms)
Platform modules already initialized, skipping
Refreshing native plugins compatible for Editor in 0.85 ms, found 4 plugins.
Preloading 0 native plugins for Editor in 0.00 ms.
Unloading 3707 Unused Serialized files (Serialized files now loaded: 0)
System memory in use before: 157.6 MB.
System memory in use after: 157.9 MB.

Unloading 18 unused Assets to reduce memory usage. Loaded Objects now: 4395.
Total: 6.136500 ms (FindLiveObjects: 0.683100 ms CreateObjectMapping: 0.315700 ms MarkObjects: 5.116800 ms  DeleteObjects: 0.019900 ms)

AssetImportParameters requested are different than current active one (requested -> active):
  custom:framework-win-MediaFoundation: 216162199b28c13a410421893ffa2e32 -> 
  custom:video-decoder-ogg-theora: a1e56fd34408186e4bbccfd4996cb3dc -> 
  custom:container-muxer-webm: aa71ff27fc2769a1b78a27578f13a17b -> 
  custom:container-demuxer-webm: 4f35f7cbe854078d1ac9338744f61a02 -> 
  custom:container-demuxer-ogg: 62fdf1f143b41e24485cea50d1cbac27 -> 
  custom:video-encoder-webm-vp8: eb34c28f22e8b96e1ab97ce403110664 -> 
  custom:video-decoder-webm-vp8: 9c59270c3fd7afecdb556c50c9e8de78 -> 
  custom:audio-decoder-ogg-vorbis: bf7c407c2cedff20999df2af8eb42d56 -> 
  custom:audio-encoder-webm-vorbis: bf7c407c2cedff20999df2af8eb42d56 -> 
========================================================================
Received Prepare
Registering precompiled user dll's ...
Registered in 0.009997 seconds.
Begin MonoManager ReloadAssembly
Symbol file LoadedFromMemory doesn't match image E:\AIGameDesign\WaitList-Warriors\M.E.C.A\Library\PackageCache\com.unity.visualscripting@1.6.1\Editor\VisualScripting.Core\Dependencies\YamlDotNet\Unity.VisualScripting.YamlDotNet.dll
Symbol file LoadedFromMemory doesn't match image E:\AIGameDesign\WaitList-Warriors\M.E.C.A\Library\PackageCache\com.unity.visualscripting@1.6.1\Editor\VisualScripting.Core\Dependencies\DotNetZip\Unity.VisualScripting.IonicZip.dll
Native extension for WindowsStandalone target not found
Refreshing native plugins compatible for Editor in 0.88 ms, found 4 plugins.
Preloading 0 native plugins for Editor in 0.00 ms.
Mono: successfully reloaded assembly
- Completed reload, in  2.507 seconds
Domain Reload Profiling:
	ReloadAssembly (2507ms)
		BeginReloadAssembly (370ms)
			ExecutionOrderSort (0ms)
			DisableScriptedObjects (23ms)
			BackupInstance (0ms)
			ReleaseScriptingObjects (0ms)
			CreateAndSetChildDomain (141ms)
		EndReloadAssembly (2020ms)
			LoadAssemblies (310ms)
			RebuildTransferFunctionScriptingTraits (0ms)
			SetupTypeCache (731ms)
			ReleaseScriptCaches (2ms)
			RebuildScriptCaches (81ms)
			SetupLoadedEditorAssemblies (618ms)
				LogAssemblyErrors (0ms)
				InitializePlatformSupportModulesInManaged (8ms)
				SetLoadedEditorAssemblies (1ms)
				RefreshPlugins (1ms)
				BeforeProcessingInitializeOnLoad (128ms)
				ProcessInitializeOnLoadAttributes (462ms)
				ProcessInitializeOnLoadMethodAttributes (15ms)
				AfterProcessingInitializeOnLoad (3ms)
				EditorAssembliesLoaded (0ms)
			ExecutionOrderSort2 (0ms)
			AwakeInstancesAfterBackupRestoration (30ms)
Platform modules already initialized, skipping
Refreshing native plugins compatible for Editor in 2.56 ms, found 4 plugins.
Preloading 0 native plugins for Editor in 0.00 ms.
Unloading 3707 Unused Serialized files (Serialized files now loaded: 0)
System memory in use before: 157.7 MB.
System memory in use after: 157.9 MB.

Unloading 18 unused Assets to reduce memory usage. Loaded Objects now: 4398.
Total: 12.091800 ms (FindLiveObjects: 4.677300 ms CreateObjectMapping: 0.725100 ms MarkObjects: 6.664100 ms  DeleteObjects: 0.023000 ms)

AssetImportParameters requested are different than current active one (requested -> active):
  custom:framework-win-MediaFoundation: 216162199b28c13a410421893ffa2e32 -> 
  custom:video-decoder-ogg-theora: a1e56fd34408186e4bbccfd4996cb3dc -> 
  custom:container-muxer-webm: aa71ff27fc2769a1b78a27578f13a17b -> 
  custom:container-demuxer-webm: 4f35f7cbe854078d1ac9338744f61a02 -> 
  custom:container-demuxer-ogg: 62fdf1f143b41e24485cea50d1cbac27 -> 
  custom:video-encoder-webm-vp8: eb34c28f22e8b96e1ab97ce403110664 -> 
  custom:video-decoder-webm-vp8: 9c59270c3fd7afecdb556c50c9e8de78 -> 
  custom:audio-decoder-ogg-vorbis: bf7c407c2cedff20999df2af8eb42d56 -> 
  custom:audio-encoder-webm-vorbis: bf7c407c2cedff20999df2af8eb42d56 -> 
========================================================================
Received Prepare
Registering precompiled user dll's ...
Registered in 0.006297 seconds.
Begin MonoManager ReloadAssembly
Symbol file LoadedFromMemory doesn't match image E:\AIGameDesign\WaitList-Warriors\M.E.C.A\Library\PackageCache\com.unity.visualscripting@1.6.1\Editor\VisualScripting.Core\Dependencies\YamlDotNet\Unity.VisualScripting.YamlDotNet.dll
Symbol file LoadedFromMemory doesn't match image E:\AIGameDesign\WaitList-Warriors\M.E.C.A\Library\PackageCache\com.unity.visualscripting@1.6.1\Editor\VisualScripting.Core\Dependencies\DotNetZip\Unity.VisualScripting.IonicZip.dll
Native extension for WindowsStandalone target not found
Refreshing native plugins compatible for Editor in 0.95 ms, found 4 plugins.
Preloading 0 native plugins for Editor in 0.00 ms.
Mono: successfully reloaded assembly
- Completed reload, in  1.825 seconds
Domain Reload Profiling:
	ReloadAssembly (1825ms)
		BeginReloadAssembly (187ms)
			ExecutionOrderSort (0ms)
			DisableScriptedObjects (12ms)
			BackupInstance (0ms)
			ReleaseScriptingObjects (0ms)
			CreateAndSetChildDomain (52ms)
		EndReloadAssembly (1551ms)
			LoadAssemblies (192ms)
			RebuildTransferFunctionScriptingTraits (0ms)
			SetupTypeCache (713ms)
			ReleaseScriptCaches (2ms)
			RebuildScriptCaches (75ms)
			SetupLoadedEditorAssemblies (441ms)
				LogAssemblyErrors (0ms)
				InitializePlatformSupportModulesInManaged (7ms)
				SetLoadedEditorAssemblies (0ms)
				RefreshPlugins (1ms)
				BeforeProcessingInitializeOnLoad (92ms)
				ProcessInitializeOnLoadAttributes (326ms)
				ProcessInitializeOnLoadMethodAttributes (11ms)
				AfterProcessingInitializeOnLoad (3ms)
				EditorAssembliesLoaded (0ms)
			ExecutionOrderSort2 (0ms)
			AwakeInstancesAfterBackupRestoration (20ms)
Platform modules already initialized, skipping
Refreshing native plugins compatible for Editor in 0.85 ms, found 4 plugins.
Preloading 0 native plugins for Editor in 0.00 ms.
Unloading 3707 Unused Serialized files (Serialized files now loaded: 0)
System memory in use before: 157.7 MB.
System memory in use after: 157.9 MB.

Unloading 18 unused Assets to reduce memory usage. Loaded Objects now: 4401.
Total: 4.617900 ms (FindLiveObjects: 0.340300 ms CreateObjectMapping: 0.335500 ms MarkObjects: 3.918900 ms  DeleteObjects: 0.021900 ms)

AssetImportParameters requested are different than current active one (requested -> active):
  custom:framework-win-MediaFoundation: 216162199b28c13a410421893ffa2e32 -> 
  custom:video-decoder-ogg-theora: a1e56fd34408186e4bbccfd4996cb3dc -> 
  custom:container-muxer-webm: aa71ff27fc2769a1b78a27578f13a17b -> 
  custom:container-demuxer-webm: 4f35f7cbe854078d1ac9338744f61a02 -> 
  custom:container-demuxer-ogg: 62fdf1f143b41e24485cea50d1cbac27 -> 
  custom:video-encoder-webm-vp8: eb34c28f22e8b96e1ab97ce403110664 -> 
  custom:video-decoder-webm-vp8: 9c59270c3fd7afecdb556c50c9e8de78 -> 
  custom:audio-decoder-ogg-vorbis: bf7c407c2cedff20999df2af8eb42d56 -> 
  custom:audio-encoder-webm-vorbis: bf7c407c2cedff20999df2af8eb42d56 -> 
========================================================================
Received Prepare
Registering precompiled user dll's ...
Registered in 0.007396 seconds.
Begin MonoManager ReloadAssembly
Symbol file LoadedFromMemory doesn't match image E:\AIGameDesign\WaitList-Warriors\M.E.C.A\Library\PackageCache\com.unity.visualscripting@1.6.1\Editor\VisualScripting.Core\Dependencies\YamlDotNet\Unity.VisualScripting.YamlDotNet.dll
Symbol file LoadedFromMemory doesn't match image E:\AIGameDesign\WaitList-Warriors\M.E.C.A\Library\PackageCache\com.unity.visualscripting@1.6.1\Editor\VisualScripting.Core\Dependencies\DotNetZip\Unity.VisualScripting.IonicZip.dll
Native extension for WindowsStandalone target not found
Refreshing native plugins compatible for Editor in 0.82 ms, found 4 plugins.
Preloading 0 native plugins for Editor in 0.00 ms.
Mono: successfully reloaded assembly
- Completed reload, in  1.541 seconds
Domain Reload Profiling:
	ReloadAssembly (1541ms)
		BeginReloadAssembly (178ms)
			ExecutionOrderSort (0ms)
			DisableScriptedObjects (11ms)
			BackupInstance (0ms)
			ReleaseScriptingObjects (0ms)
			CreateAndSetChildDomain (52ms)
		EndReloadAssembly (1279ms)
			LoadAssemblies (162ms)
			RebuildTransferFunctionScriptingTraits (0ms)
			SetupTypeCache (517ms)
			ReleaseScriptCaches (2ms)
			RebuildScriptCaches (64ms)
			SetupLoadedEditorAssemblies (409ms)
				LogAssemblyErrors (0ms)
				InitializePlatformSupportModulesInManaged (6ms)
				SetLoadedEditorAssemblies (1ms)
				RefreshPlugins (1ms)
				BeforeProcessingInitializeOnLoad (77ms)
				ProcessInitializeOnLoadAttributes (312ms)
				ProcessInitializeOnLoadMethodAttributes (10ms)
				AfterProcessingInitializeOnLoad (3ms)
				EditorAssembliesLoaded (0ms)
			ExecutionOrderSort2 (0ms)
			AwakeInstancesAfterBackupRestoration (23ms)
Platform modules already initialized, skipping
Refreshing native plugins compatible for Editor in 0.92 ms, found 4 plugins.
Preloading 0 native plugins for Editor in 0.00 ms.
Unloading 3707 Unused Serialized files (Serialized files now loaded: 0)
System memory in use before: 157.7 MB.
System memory in use after: 158.0 MB.

Unloading 18 unused Assets to reduce memory usage. Loaded Objects now: 4404.
Total: 4.208100 ms (FindLiveObjects: 0.375400 ms CreateObjectMapping: 0.296100 ms MarkObjects: 3.514900 ms  DeleteObjects: 0.020600 ms)

AssetImportParameters requested are different than current active one (requested -> active):
  custom:framework-win-MediaFoundation: 216162199b28c13a410421893ffa2e32 -> 
  custom:video-decoder-ogg-theora: a1e56fd34408186e4bbccfd4996cb3dc -> 
  custom:container-muxer-webm: aa71ff27fc2769a1b78a27578f13a17b -> 
  custom:container-demuxer-webm: 4f35f7cbe854078d1ac9338744f61a02 -> 
  custom:container-demuxer-ogg: 62fdf1f143b41e24485cea50d1cbac27 -> 
  custom:video-encoder-webm-vp8: eb34c28f22e8b96e1ab97ce403110664 -> 
  custom:video-decoder-webm-vp8: 9c59270c3fd7afecdb556c50c9e8de78 -> 
  custom:audio-decoder-ogg-vorbis: bf7c407c2cedff20999df2af8eb42d56 -> 
  custom:audio-encoder-webm-vorbis: bf7c407c2cedff20999df2af8eb42d56 -> 
========================================================================
Received Import Request.
  Time since last request: 281.647624 seconds.
  path: Assets/Prefabs/MC.prefab
  artifactKey: Guid(e7aec45c9e03e12409fada743d9a0696) Importer(815301076,1909f56bfc062723c751e8b465ee728b)
Start importing Assets/Prefabs/MC.prefab using Guid(e7aec45c9e03e12409fada743d9a0696) Importer(815301076,1909f56bfc062723c751e8b465ee728b)  -> (artifact id: 'f2c5818b0e4e0ec1b59e3981202850a2') in 0.133043 seconds 
========================================================================
Received Import Request.
  Time since last request: 48.842776 seconds.
  path: Assets/Sprites/Characters/Enemies/Bandits - Pixel Art
  artifactKey: Guid(3b09d2d4f7fec1246b7d56c00073d0ca) Importer(815301076,1909f56bfc062723c751e8b465ee728b)
Start importing Assets/Sprites/Characters/Enemies/Bandits - Pixel Art using Guid(3b09d2d4f7fec1246b7d56c00073d0ca) Importer(815301076,1909f56bfc062723c751e8b465ee728b)  -> (artifact id: '5c005de0a3ed353fc8f845f4005967d4') in 0.008731 seconds 
========================================================================
Received Import Request.
  Time since last request: 2.775206 seconds.
  path: Assets/Sprites/Characters/Enemies/Bandits - Pixel Art/Sprites
  artifactKey: Guid(9a78476a3a5328641be59096a0f53e7f) Importer(815301076,1909f56bfc062723c751e8b465ee728b)
Start importing Assets/Sprites/Characters/Enemies/Bandits - Pixel Art/Sprites using Guid(9a78476a3a5328641be59096a0f53e7f) Importer(815301076,1909f56bfc062723c751e8b465ee728b)  -> (artifact id: 'd838691cee53b98b706cf19f6f7261fa') in 0.002801 seconds 
========================================================================
Received Import Request.
  Time since last request: 0.068350 seconds.
  path: Assets/Sprites/Characters/Enemies/Bandits - Pixel Art/Sprites/Background.png
  artifactKey: Guid(0ce96aa6462620e47ac56eccbb027deb) Importer(815301076,1909f56bfc062723c751e8b465ee728b)
Start importing Assets/Sprites/Characters/Enemies/Bandits - Pixel Art/Sprites/Background.png using Guid(0ce96aa6462620e47ac56eccbb027deb) Importer(815301076,1909f56bfc062723c751e8b465ee728b)  -> (artifact id: 'd3907f34354214798f9f4c7069e8127e') in 0.028345 seconds 
========================================================================
Received Import Request.
  Time since last request: 0.000273 seconds.
  path: Assets/Sprites/Characters/Enemies/Bandits - Pixel Art/Sprites/HeavyBandit.png
  artifactKey: Guid(317b8365a4649ab459f6cb58ec8f9f18) Importer(815301076,1909f56bfc062723c751e8b465ee728b)
Start importing Assets/Sprites/Characters/Enemies/Bandits - Pixel Art/Sprites/HeavyBandit.png using Guid(317b8365a4649ab459f6cb58ec8f9f18) Importer(815301076,1909f56bfc062723c751e8b465ee728b)  -> (artifact id: 'a84698a19cb1ef5b7a7b49e17eb04c13') in 0.123092 seconds 
========================================================================
Received Import Request.
  Time since last request: 0.000188 seconds.
  path: Assets/Sprites/Characters/Enemies/Bandits - Pixel Art/Sprites/LightBandit.png
  artifactKey: Guid(f2ed27d6c1c3ccc48959bcca269d88f0) Importer(815301076,1909f56bfc062723c751e8b465ee728b)
Start importing Assets/Sprites/Characters/Enemies/Bandits - Pixel Art/Sprites/LightBandit.png using Guid(f2ed27d6c1c3ccc48959bcca269d88f0) Importer(815301076,1909f56bfc062723c751e8b465ee728b)  -> (artifact id: '314c133b8fd8b9317b7cc2039c6b0ee1') in 0.126477 seconds 
========================================================================
Received Import Request.
  Time since last request: 0.000278 seconds.
  path: Assets/Sprites/Characters/Enemies/Bandits - Pixel Art/Sprites/EnvironmentTiles.png
  artifactKey: Guid(e10f9fe96b3acda42b06f252bba789de) Importer(815301076,1909f56bfc062723c751e8b465ee728b)
Start importing Assets/Sprites/Characters/Enemies/Bandits - Pixel Art/Sprites/EnvironmentTiles.png using Guid(e10f9fe96b3acda42b06f252bba789de) Importer(815301076,1909f56bfc062723c751e8b465ee728b)  -> (artifact id: '3591e2e9fe4e7b0a2152e82379e0efa7') in 0.051668 seconds 
========================================================================
Received Import Request.
  Time since last request: 16.869903 seconds.
  path: Assets/Sprites/Characters/Enemies
  artifactKey: Guid(b7a854746b23f71448a135acf284f565) Importer(815301076,1909f56bfc062723c751e8b465ee728b)
Start importing Assets/Sprites/Characters/Enemies using Guid(b7a854746b23f71448a135acf284f565) Importer(815301076,1909f56bfc062723c751e8b465ee728b)  -> (artifact id: '872b9fa3544ffe9b4df108ada624f73d') in 0.017694 seconds 
========================================================================
Received Import Request.
  Time since last request: 45.071562 seconds.
  path: Assets/Sprites/Characters/Enemies/Bandits - Pixel Art/Animations
  artifactKey: Guid(5b4588478efd7c244b598df63562b79f) Importer(815301076,1909f56bfc062723c751e8b465ee728b)
Start importing Assets/Sprites/Characters/Enemies/Bandits - Pixel Art/Animations using Guid(5b4588478efd7c244b598df63562b79f) Importer(815301076,1909f56bfc062723c751e8b465ee728b)  -> (artifact id: '222e4c8364fd622f4335228fde072f13') in 0.002298 seconds 
========================================================================
Received Import Request.
  Time since last request: 2.684470 seconds.
  path: Assets/Sprites/Characters/Enemies/Bandits - Pixel Art/Animations/Light Bandit
  artifactKey: Guid(589cc16c1bd89934ab5ca6f7d9a33cc2) Importer(815301076,1909f56bfc062723c751e8b465ee728b)
Start importing Assets/Sprites/Characters/Enemies/Bandits - Pixel Art/Animations/Light Bandit using Guid(589cc16c1bd89934ab5ca6f7d9a33cc2) Importer(815301076,1909f56bfc062723c751e8b465ee728b)  -> (artifact id: '5059c3fbf6058cab09e08a06662c9dd4') in 0.012323 seconds 
========================================================================
Received Import Request.
  Time since last request: 1.249096 seconds.
  path: Assets/Sprites/Characters/Enemies/Bandits - Pixel Art/Animations/Light Bandit/LightBandit_Attack.anim
  artifactKey: Guid(f50ea1e86c917ee4a886801ca2d6f4c2) Importer(815301076,1909f56bfc062723c751e8b465ee728b)
Start importing Assets/Sprites/Characters/Enemies/Bandits - Pixel Art/Animations/Light Bandit/LightBandit_Attack.anim using Guid(f50ea1e86c917ee4a886801ca2d6f4c2) Importer(815301076,1909f56bfc062723c751e8b465ee728b)  -> (artifact id: 'e03ddcd30a2a283b305633fd5d91ee82') in 0.020909 seconds 
========================================================================
Received Import Request.
  Time since last request: 1.054588 seconds.
  path: Assets/Sprites/Characters/Enemies/Bandits - Pixel Art/Animations/Light Bandit/LightBandit_CombatIdle.anim
  artifactKey: Guid(6a1ebf4e9e2b85c4dbeebc58d8f911ca) Importer(815301076,1909f56bfc062723c751e8b465ee728b)
Start importing Assets/Sprites/Characters/Enemies/Bandits - Pixel Art/Animations/Light Bandit/LightBandit_CombatIdle.anim using Guid(6a1ebf4e9e2b85c4dbeebc58d8f911ca) Importer(815301076,1909f56bfc062723c751e8b465ee728b)  -> (artifact id: '16ed239a8f759bee2ddc85a06ed961ec') in 0.010206 seconds 
========================================================================
Received Import Request.
  Time since last request: 1.628402 seconds.
  path: Assets/Sprites/Characters/Enemies/Bandits - Pixel Art/Animations/Light Bandit/LightBandit_Death.anim
  artifactKey: Guid(e38cb418ab88f9346b0ebccb770105ee) Importer(815301076,1909f56bfc062723c751e8b465ee728b)
Start importing Assets/Sprites/Characters/Enemies/Bandits - Pixel Art/Animations/Light Bandit/LightBandit_Death.anim using Guid(e38cb418ab88f9346b0ebccb770105ee) Importer(815301076,1909f56bfc062723c751e8b465ee728b)  -> (artifact id: 'ed9594638f3de306bbeb3db737506340') in 0.024561 seconds 
========================================================================
Received Import Request.
  Time since last request: 0.488732 seconds.
  path: Assets/Sprites/Characters/Enemies/Bandits - Pixel Art/Animations/Light Bandit/LightBandit_Hurt.anim
  artifactKey: Guid(f4d08aca8d9c8b24f969b71bcb299c54) Importer(815301076,1909f56bfc062723c751e8b465ee728b)
Start importing Assets/Sprites/Characters/Enemies/Bandits - Pixel Art/Animations/Light Bandit/LightBandit_Hurt.anim using Guid(f4d08aca8d9c8b24f969b71bcb299c54) Importer(815301076,1909f56bfc062723c751e8b465ee728b)  -> (artifact id: '846b39dc40da0028e55a36c7d4620105') in 0.012065 seconds 
========================================================================
Received Import Request.
  Time since last request: 0.707739 seconds.
  path: Assets/Sprites/Characters/Enemies/Bandits - Pixel Art/Animations/Light Bandit/LightBandit_Idle.anim
  artifactKey: Guid(5ebd92ec0147c7d4dac5630b51456c5f) Importer(815301076,1909f56bfc062723c751e8b465ee728b)
Start importing Assets/Sprites/Characters/Enemies/Bandits - Pixel Art/Animations/Light Bandit/LightBandit_Idle.anim using Guid(5ebd92ec0147c7d4dac5630b51456c5f) Importer(815301076,1909f56bfc062723c751e8b465ee728b)  -> (artifact id: '358fb84a76aac70550052c2634859442') in 0.014647 seconds 
========================================================================
Received Prepare
Registering precompiled user dll's ...
Registered in 0.006275 seconds.
Begin MonoManager ReloadAssembly
Symbol file LoadedFromMemory doesn't match image E:\AIGameDesign\WaitList-Warriors\M.E.C.A\Library\PackageCache\com.unity.visualscripting@1.6.1\Editor\VisualScripting.Core\Dependencies\YamlDotNet\Unity.VisualScripting.YamlDotNet.dll
Symbol file LoadedFromMemory doesn't match image E:\AIGameDesign\WaitList-Warriors\M.E.C.A\Library\PackageCache\com.unity.visualscripting@1.6.1\Editor\VisualScripting.Core\Dependencies\DotNetZip\Unity.VisualScripting.IonicZip.dll
Native extension for WindowsStandalone target not found
Refreshing native plugins compatible for Editor in 1.11 ms, found 4 plugins.
Preloading 0 native plugins for Editor in 0.00 ms.
Mono: successfully reloaded assembly
- Completed reload, in  2.024 seconds
Domain Reload Profiling:
	ReloadAssembly (2024ms)
		BeginReloadAssembly (238ms)
			ExecutionOrderSort (0ms)
			DisableScriptedObjects (11ms)
			BackupInstance (0ms)
			ReleaseScriptingObjects (0ms)
			CreateAndSetChildDomain (61ms)
		EndReloadAssembly (1657ms)
			LoadAssemblies (309ms)
			RebuildTransferFunctionScriptingTraits (0ms)
			SetupTypeCache (758ms)
			ReleaseScriptCaches (1ms)
			RebuildScriptCaches (64ms)
			SetupLoadedEditorAssemblies (438ms)
				LogAssemblyErrors (0ms)
				InitializePlatformSupportModulesInManaged (7ms)
				SetLoadedEditorAssemblies (0ms)
				RefreshPlugins (1ms)
				BeforeProcessingInitializeOnLoad (81ms)
				ProcessInitializeOnLoadAttributes (332ms)
				ProcessInitializeOnLoadMethodAttributes (10ms)
				AfterProcessingInitializeOnLoad (7ms)
				EditorAssembliesLoaded (0ms)
			ExecutionOrderSort2 (0ms)
			AwakeInstancesAfterBackupRestoration (23ms)
Platform modules already initialized, skipping
Refreshing native plugins compatible for Editor in 0.84 ms, found 4 plugins.
Preloading 0 native plugins for Editor in 0.00 ms.
Unloading 3711 Unused Serialized files (Serialized files now loaded: 0)
System memory in use before: 160.6 MB.
System memory in use after: 160.8 MB.

Unloading 20 unused Assets to reduce memory usage. Loaded Objects now: 4471.
Total: 5.335300 ms (FindLiveObjects: 0.321700 ms CreateObjectMapping: 0.224400 ms MarkObjects: 4.728800 ms  DeleteObjects: 0.059300 ms)

AssetImportParameters requested are different than current active one (requested -> active):
  custom:framework-win-MediaFoundation: 216162199b28c13a410421893ffa2e32 -> 
  custom:video-decoder-ogg-theora: a1e56fd34408186e4bbccfd4996cb3dc -> 
  custom:container-muxer-webm: aa71ff27fc2769a1b78a27578f13a17b -> 
  custom:container-demuxer-webm: 4f35f7cbe854078d1ac9338744f61a02 -> 
  custom:container-demuxer-ogg: 62fdf1f143b41e24485cea50d1cbac27 -> 
  custom:video-encoder-webm-vp8: eb34c28f22e8b96e1ab97ce403110664 -> 
  custom:video-decoder-webm-vp8: 9c59270c3fd7afecdb556c50c9e8de78 -> 
  custom:audio-decoder-ogg-vorbis: bf7c407c2cedff20999df2af8eb42d56 -> 
  custom:audio-encoder-webm-vorbis: bf7c407c2cedff20999df2af8eb42d56 -> 
========================================================================
Received Prepare
Registering precompiled user dll's ...
Registered in 0.012337 seconds.
Begin MonoManager ReloadAssembly
Symbol file LoadedFromMemory doesn't match image E:\AIGameDesign\WaitList-Warriors\M.E.C.A\Library\PackageCache\com.unity.visualscripting@1.6.1\Editor\VisualScripting.Core\Dependencies\YamlDotNet\Unity.VisualScripting.YamlDotNet.dll
Symbol file LoadedFromMemory doesn't match image E:\AIGameDesign\WaitList-Warriors\M.E.C.A\Library\PackageCache\com.unity.visualscripting@1.6.1\Editor\VisualScripting.Core\Dependencies\DotNetZip\Unity.VisualScripting.IonicZip.dll
Native extension for WindowsStandalone target not found
Refreshing native plugins compatible for Editor in 1.02 ms, found 4 plugins.
Preloading 0 native plugins for Editor in 0.00 ms.
Mono: successfully reloaded assembly
- Completed reload, in  2.015 seconds
Domain Reload Profiling:
	ReloadAssembly (2016ms)
		BeginReloadAssembly (198ms)
			ExecutionOrderSort (0ms)
			DisableScriptedObjects (14ms)
			BackupInstance (0ms)
			ReleaseScriptingObjects (0ms)
			CreateAndSetChildDomain (58ms)
		EndReloadAssembly (1736ms)
			LoadAssemblies (198ms)
			RebuildTransferFunctionScriptingTraits (0ms)
			SetupTypeCache (818ms)
			ReleaseScriptCaches (1ms)
			RebuildScriptCaches (68ms)
			SetupLoadedEditorAssemblies (435ms)
				LogAssemblyErrors (0ms)
				InitializePlatformSupportModulesInManaged (14ms)
				SetLoadedEditorAssemblies (0ms)
				RefreshPlugins (1ms)
				BeforeProcessingInitializeOnLoad (88ms)
				ProcessInitializeOnLoadAttributes (312ms)
				ProcessInitializeOnLoadMethodAttributes (15ms)
				AfterProcessingInitializeOnLoad (3ms)
				EditorAssembliesLoaded (0ms)
			ExecutionOrderSort2 (0ms)
			AwakeInstancesAfterBackupRestoration (23ms)
Platform modules already initialized, skipping
Refreshing native plugins compatible for Editor in 0.80 ms, found 4 plugins.
Preloading 0 native plugins for Editor in 0.00 ms.
Unloading 3707 Unused Serialized files (Serialized files now loaded: 0)
System memory in use before: 160.4 MB.
System memory in use after: 160.7 MB.

Unloading 18 unused Assets to reduce memory usage. Loaded Objects now: 4474.
Total: 4.722000 ms (FindLiveObjects: 0.304400 ms CreateObjectMapping: 0.213400 ms MarkObjects: 4.182700 ms  DeleteObjects: 0.020100 ms)

AssetImportParameters requested are different than current active one (requested -> active):
  custom:framework-win-MediaFoundation: 216162199b28c13a410421893ffa2e32 -> 
  custom:video-decoder-ogg-theora: a1e56fd34408186e4bbccfd4996cb3dc -> 
  custom:container-muxer-webm: aa71ff27fc2769a1b78a27578f13a17b -> 
  custom:container-demuxer-webm: 4f35f7cbe854078d1ac9338744f61a02 -> 
  custom:container-demuxer-ogg: 62fdf1f143b41e24485cea50d1cbac27 -> 
  custom:video-encoder-webm-vp8: eb34c28f22e8b96e1ab97ce403110664 -> 
  custom:video-decoder-webm-vp8: 9c59270c3fd7afecdb556c50c9e8de78 -> 
  custom:audio-decoder-ogg-vorbis: bf7c407c2cedff20999df2af8eb42d56 -> 
  custom:audio-encoder-webm-vorbis: bf7c407c2cedff20999df2af8eb42d56 -> 
========================================================================
Received Import Request.
  Time since last request: 52.015254 seconds.
  path: Assets/Prefabs/Enemy.prefab
  artifactKey: Guid(8596413fbb6f28c4db243c698f1ae6eb) Importer(815301076,1909f56bfc062723c751e8b465ee728b)
Start importing Assets/Prefabs/Enemy.prefab using Guid(8596413fbb6f28c4db243c698f1ae6eb) Importer(815301076,1909f56bfc062723c751e8b465ee728b) The Animator Controller (Enemy) you have used is not valid. Animations will not play
UnityEngine.StackTraceUtility:ExtractStackTrace ()
UnityEditor.EditorUtility:Internal_InstantiateRemoveAllNonAnimationComponentsSingle (UnityEngine.Object,UnityEngine.Vector3,UnityEngine.Quaternion)
UnityEditor.EditorUtility:InstantiateRemoveAllNonAnimationComponents (UnityEngine.Object,UnityEngine.Vector3,UnityEngine.Quaternion)
UnityEditor.EditorUtility:InstantiateForAnimatorPreview (UnityEngine.Object)
UnityEditor.GameObjectInspector/PreviewData:UpdateGameObject (UnityEngine.Object)
UnityEditor.GameObjectInspector/PreviewData:.ctor (UnityEngine.Object)
UnityEditor.GameObjectInspector:GetPreviewData ()
UnityEditor.GameObjectInspector:RenderStaticPreview (string,UnityEngine.Object[],int,int)
UnityEditor.AssetPreviewUpdater:CreatePreview (UnityEngine.Object,UnityEngine.Object[],string,int,int)
UnityEditor.AssetPreviewUpdater:CreatePreviewForAsset (UnityEngine.Object,UnityEngine.Object[],string)

[C:\buildslave\unity\build\Modules/Animation/Director/AnimatorControllerPlayable.cpp line 333]

The Animator Controller (Enemy) you have used is not valid. Animations will not play
UnityEngine.StackTraceUtility:ExtractStackTrace ()
UnityEditor.EditorUtility:InitInstantiatedPreviewRecursive (UnityEngine.GameObject)
UnityEditor.EditorUtility:InstantiateForAnimatorPreview (UnityEngine.Object)
UnityEditor.GameObjectInspector/PreviewData:UpdateGameObject (UnityEngine.Object)
UnityEditor.GameObjectInspector/PreviewData:.ctor (UnityEngine.Object)
UnityEditor.GameObjectInspector:GetPreviewData ()
UnityEditor.GameObjectInspector:RenderStaticPreview (string,UnityEngine.Object[],int,int)
UnityEditor.AssetPreviewUpdater:CreatePreview (UnityEngine.Object,UnityEngine.Object[],string,int,int)
UnityEditor.AssetPreviewUpdater:CreatePreviewForAsset (UnityEngine.Object,UnityEngine.Object[],string)

[C:\buildslave\unity\build\Modules/Animation/Director/AnimatorControllerPlayable.cpp line 333]

 -> (artifact id: '32f68758feb11ab7d6286f42f1314351') in 0.098173 seconds 
